2025-05-18 23:05:48,395 [Worker-3] INFO  c.g.t.t.d.PublishedGradleVersions - Gradle version information cache is up-to-date. Trying to read.
2025-05-18 23:07:00,676 [Worker-4] INFO  o.e.m.c.i.p.ProjectConfigurationManager - Collecting project info '/pom.xml' C:\Users\sugan\Workspace\Tech2\com.Tech2\pom.xml
2025-05-18 23:07:01,294 [Worker-4] INFO  o.e.m.c.i.l.LifecycleMappingFactory - Using org.eclipse.m2e.jdt.JarLifecycleMapping lifecycle mapping for MavenProject: Tech2:com.Tech2:0.0.1-SNAPSHOT @ C:\Users\sugan\Workspace\Tech2\com.Tech2\pom.xml.
2025-05-18 23:07:01,846 [Worker-4] INFO  o.e.m.j.i.AbstractJavaProjectConfigurator - Adding source folder /com.Tech2/src/main/java
2025-05-18 23:07:01,856 [Worker-4] INFO  o.e.m.j.i.AbstractJavaProjectConfigurator - Adding source folder /com.Tech2/src/test/java
2025-05-18 23:07:01,941 [Worker-4] INFO  o.e.m.c.i.p.ProjectConfigurationManager - Imported and configured 1 project(s) in 1 sec
2025-05-18 23:07:02,373 [Worker-14] INFO  o.e.m.c.i.embedder.EclipseLogger - Using 'UTF-8' encoding to copy filtered resources.
2025-05-18 23:07:02,373 [Worker-14] INFO  o.e.m.c.i.embedder.EclipseLogger - skip non existing resourceDirectory C:\Users\sugan\Workspace\Tech2\com.Tech2\src\main\resources
2025-05-18 23:07:02,375 [Worker-14] INFO  o.e.m.c.i.embedder.EclipseLogger - Using 'UTF-8' encoding to copy filtered resources.
2025-05-18 23:07:02,375 [Worker-14] INFO  o.e.m.c.i.embedder.EclipseLogger - skip non existing resourceDirectory C:\Users\sugan\Workspace\Tech2\com.Tech2\src\test\resources
2025-05-18 23:07:56,459 [Worker-7] INFO  o.e.m.c.i.embedder.EclipseLogger - Using 'UTF-8' encoding to copy filtered resources.
2025-05-18 23:07:56,463 [Worker-7] INFO  o.e.m.c.i.embedder.EclipseLogger - Copying 0 resource
2025-05-18 23:07:56,464 [Worker-7] INFO  o.e.m.c.i.embedder.EclipseLogger - Using 'UTF-8' encoding to copy filtered resources.
2025-05-18 23:07:56,464 [Worker-7] INFO  o.e.m.c.i.embedder.EclipseLogger - skip non existing resourceDirectory C:\Users\sugan\Workspace\Tech2\com.Tech2\src\test\resources
2025-05-18 23:08:17,898 [Worker-1] INFO  o.e.m.c.i.embedder.EclipseLogger - Using 'UTF-8' encoding to copy filtered resources.
2025-05-18 23:08:17,899 [Worker-1] INFO  o.e.m.c.i.embedder.EclipseLogger - Copying 1 resource
2025-05-18 23:08:17,902 [Worker-1] INFO  o.e.m.c.i.embedder.EclipseLogger - Using 'UTF-8' encoding to copy filtered resources.
2025-05-18 23:08:17,903 [Worker-1] INFO  o.e.m.c.i.embedder.EclipseLogger - skip non existing resourceDirectory C:\Users\sugan\Workspace\Tech2\com.Tech2\src\test\resources
2025-05-18 23:09:21,603 [Worker-8] INFO  o.e.m.c.i.embedder.EclipseLogger - Using 'UTF-8' encoding to copy filtered resources.
2025-05-18 23:09:21,605 [Worker-8] INFO  o.e.m.c.i.embedder.EclipseLogger - Copying 1 resource
2025-05-18 23:09:21,606 [Worker-8] INFO  o.e.m.c.i.embedder.EclipseLogger - Using 'UTF-8' encoding to copy filtered resources.
2025-05-18 23:09:21,606 [Worker-8] INFO  o.e.m.c.i.embedder.EclipseLogger - skip non existing resourceDirectory C:\Users\sugan\Workspace\Tech2\com.Tech2\src\test\resources
2025-05-18 23:09:32,336 [Worker-4] INFO  o.e.m.c.i.embedder.EclipseLogger - Using 'UTF-8' encoding to copy filtered resources.
2025-05-18 23:09:32,337 [Worker-4] INFO  o.e.m.c.i.embedder.EclipseLogger - Copying 1 resource
2025-05-18 23:09:32,338 [Worker-4] INFO  o.e.m.c.i.embedder.EclipseLogger - Using 'UTF-8' encoding to copy filtered resources.
2025-05-18 23:09:32,339 [Worker-4] INFO  o.e.m.c.i.embedder.EclipseLogger - skip non existing resourceDirectory C:\Users\sugan\Workspace\Tech2\com.Tech2\src\test\resources
2025-05-18 23:09:33,354 [Worker-10] INFO  o.e.m.c.i.embedder.EclipseLogger - Using 'UTF-8' encoding to copy filtered resources.
2025-05-18 23:09:33,354 [Worker-10] INFO  o.e.m.c.i.embedder.EclipseLogger - Copying 0 resource
2025-05-18 23:09:33,355 [Worker-10] INFO  o.e.m.c.i.embedder.EclipseLogger - Using 'UTF-8' encoding to copy filtered resources.
2025-05-18 23:09:33,355 [Worker-10] INFO  o.e.m.c.i.embedder.EclipseLogger - skip non existing resourceDirectory C:\Users\sugan\Workspace\Tech2\com.Tech2\src\test\resources
2025-05-18 23:10:27,446 [Worker-7] INFO  o.e.m.c.i.l.LifecycleMappingFactory - Using org.eclipse.m2e.jdt.JarLifecycleMapping lifecycle mapping for MavenProject: TechDemo:TechDemoProject:0.0.1-SNAPSHOT @ C:\Users\sugan\Workspace\Tech2\com.Tech2\pom.xml.
2025-05-18 23:10:28,054 [Worker-7] INFO  o.e.m.c.i.embedder.EclipseLogger - Using 'UTF-8' encoding to copy filtered resources.
2025-05-18 23:10:28,056 [Worker-7] INFO  o.e.m.c.i.embedder.EclipseLogger - Copying 0 resource
2025-05-18 23:10:28,057 [Worker-7] INFO  o.e.m.c.i.embedder.EclipseLogger - Using 'UTF-8' encoding to copy filtered resources.
2025-05-18 23:10:28,057 [Worker-7] INFO  o.e.m.c.i.embedder.EclipseLogger - skip non existing resourceDirectory C:\Users\sugan\Workspace\Tech2\com.Tech2\src\test\resources
2025-05-18 23:10:29,859 [Worker-2] INFO  o.e.m.c.i.embedder.EclipseLogger - Using 'UTF-8' encoding to copy filtered resources.
2025-05-18 23:10:29,860 [Worker-2] INFO  o.e.m.c.i.embedder.EclipseLogger - Copying 1 resource
2025-05-18 23:10:29,866 [Worker-2] INFO  o.e.m.c.i.embedder.EclipseLogger - Using 'UTF-8' encoding to copy filtered resources.
2025-05-18 23:10:29,866 [Worker-2] INFO  o.e.m.c.i.embedder.EclipseLogger - skip non existing resourceDirectory C:\Users\sugan\Workspace\Tech2\com.Tech2\src\test\resources
2025-05-18 23:10:44,831 [Worker-1] INFO  o.e.m.c.i.embedder.EclipseLogger - Using 'UTF-8' encoding to copy filtered resources.
2025-05-18 23:10:44,831 [Worker-1] INFO  o.e.m.c.i.embedder.EclipseLogger - Copying 1 resource
2025-05-18 23:10:44,832 [Worker-1] INFO  o.e.m.c.i.embedder.EclipseLogger - Using 'UTF-8' encoding to copy filtered resources.
2025-05-18 23:10:44,832 [Worker-1] INFO  o.e.m.c.i.embedder.EclipseLogger - skip non existing resourceDirectory C:\Users\sugan\Workspace\Tech2\com.Tech2\src\test\resources
2025-05-18 23:13:00,255 [Worker-2] INFO  o.e.m.c.i.embedder.EclipseLogger - Using 'UTF-8' encoding to copy filtered resources.
2025-05-18 23:13:00,256 [Worker-2] INFO  o.e.m.c.i.embedder.EclipseLogger - Copying 1 resource
2025-05-18 23:13:00,257 [Worker-2] INFO  o.e.m.c.i.embedder.EclipseLogger - Using 'UTF-8' encoding to copy filtered resources.
2025-05-18 23:13:00,257 [Worker-2] INFO  o.e.m.c.i.embedder.EclipseLogger - skip non existing resourceDirectory C:\Users\sugan\Workspace\Tech2\com.Tech2\src\test\resources
2025-05-18 23:13:46,548 [Worker-1] INFO  o.e.m.c.i.embedder.EclipseLogger - Using 'UTF-8' encoding to copy filtered resources.
2025-05-18 23:13:46,549 [Worker-1] INFO  o.e.m.c.i.embedder.EclipseLogger - Copying 1 resource
2025-05-18 23:13:46,550 [Worker-1] INFO  o.e.m.c.i.embedder.EclipseLogger - Using 'UTF-8' encoding to copy filtered resources.
2025-05-18 23:13:46,550 [Worker-1] INFO  o.e.m.c.i.embedder.EclipseLogger - skip non existing resourceDirectory C:\Users\sugan\Workspace\Tech2\com.Tech2\src\test\resources
2025-05-18 23:13:52,961 [Worker-7] INFO  o.e.m.c.i.embedder.EclipseLogger - Using 'UTF-8' encoding to copy filtered resources.
2025-05-18 23:13:52,962 [Worker-7] INFO  o.e.m.c.i.embedder.EclipseLogger - Copying 1 resource
2025-05-18 23:13:52,963 [Worker-7] INFO  o.e.m.c.i.embedder.EclipseLogger - Using 'UTF-8' encoding to copy filtered resources.
2025-05-18 23:13:52,963 [Worker-7] INFO  o.e.m.c.i.embedder.EclipseLogger - skip non existing resourceDirectory C:\Users\sugan\Workspace\Tech2\com.Tech2\src\test\resources
2025-05-18 23:13:58,562 [Worker-8] INFO  o.e.m.c.i.embedder.EclipseLogger - Using 'UTF-8' encoding to copy filtered resources.
2025-05-18 23:13:58,563 [Worker-8] INFO  o.e.m.c.i.embedder.EclipseLogger - Copying 1 resource
2025-05-18 23:13:58,564 [Worker-8] INFO  o.e.m.c.i.embedder.EclipseLogger - Using 'UTF-8' encoding to copy filtered resources.
2025-05-18 23:13:58,564 [Worker-8] INFO  o.e.m.c.i.embedder.EclipseLogger - skip non existing resourceDirectory C:\Users\sugan\Workspace\Tech2\com.Tech2\src\test\resources
2025-05-18 23:14:16,867 [Worker-1] INFO  o.e.m.c.i.embedder.EclipseLogger - Using 'UTF-8' encoding to copy filtered resources.
2025-05-18 23:14:16,868 [Worker-1] INFO  o.e.m.c.i.embedder.EclipseLogger - Copying 1 resource
2025-05-18 23:14:16,870 [Worker-1] INFO  o.e.m.c.i.embedder.EclipseLogger - Using 'UTF-8' encoding to copy filtered resources.
2025-05-18 23:14:16,870 [Worker-1] INFO  o.e.m.c.i.embedder.EclipseLogger - skip non existing resourceDirectory C:\Users\sugan\Workspace\Tech2\com.Tech2\src\test\resources
2025-05-18 23:16:27,100 [Worker-14] INFO  o.e.m.c.i.embedder.EclipseLogger - Using 'UTF-8' encoding to copy filtered resources.
2025-05-18 23:16:27,101 [Worker-14] INFO  o.e.m.c.i.embedder.EclipseLogger - Copying 1 resource
2025-05-18 23:16:27,102 [Worker-14] INFO  o.e.m.c.i.embedder.EclipseLogger - Using 'UTF-8' encoding to copy filtered resources.
2025-05-18 23:16:27,102 [Worker-14] INFO  o.e.m.c.i.embedder.EclipseLogger - skip non existing resourceDirectory C:\Users\sugan\Workspace\Tech2\com.Tech2\src\test\resources
2025-05-18 23:17:53,798 [Worker-3] INFO  o.e.m.c.i.embedder.EclipseLogger - Using 'UTF-8' encoding to copy filtered resources.
2025-05-18 23:17:53,799 [Worker-3] INFO  o.e.m.c.i.embedder.EclipseLogger - Copying 1 resource
2025-05-18 23:17:53,801 [Worker-3] INFO  o.e.m.c.i.embedder.EclipseLogger - Using 'UTF-8' encoding to copy filtered resources.
2025-05-18 23:17:53,801 [Worker-3] INFO  o.e.m.c.i.embedder.EclipseLogger - skip non existing resourceDirectory C:\Users\sugan\Workspace\Tech2\com.Tech2\src\test\resources
2025-05-18 23:20:13,238 [Worker-18] INFO  o.e.m.c.i.embedder.EclipseLogger - Using 'UTF-8' encoding to copy filtered resources.
2025-05-18 23:20:13,238 [Worker-18] INFO  o.e.m.c.i.embedder.EclipseLogger - Copying 1 resource
2025-05-18 23:20:13,239 [Worker-18] INFO  o.e.m.c.i.embedder.EclipseLogger - Using 'UTF-8' encoding to copy filtered resources.
2025-05-18 23:20:13,239 [Worker-18] INFO  o.e.m.c.i.embedder.EclipseLogger - skip non existing resourceDirectory C:\Users\sugan\Workspace\Tech2\com.Tech2\src\test\resources
2025-05-18 23:21:50,763 [Worker-4] INFO  o.e.m.c.i.embedder.EclipseLogger - Using 'UTF-8' encoding to copy filtered resources.
2025-05-18 23:21:50,764 [Worker-4] INFO  o.e.m.c.i.embedder.EclipseLogger - Copying 1 resource
2025-05-18 23:21:50,764 [Worker-4] INFO  o.e.m.c.i.embedder.EclipseLogger - Using 'UTF-8' encoding to copy filtered resources.
2025-05-18 23:21:50,765 [Worker-4] INFO  o.e.m.c.i.embedder.EclipseLogger - skip non existing resourceDirectory C:\Users\sugan\Workspace\Tech2\com.Tech2\src\test\resources
2025-05-18 23:26:18,035 [Worker-14] INFO  o.e.m.c.i.embedder.EclipseLogger - Using 'UTF-8' encoding to copy filtered resources.
2025-05-18 23:26:18,036 [Worker-14] INFO  o.e.m.c.i.embedder.EclipseLogger - Copying 1 resource
2025-05-18 23:26:18,037 [Worker-14] INFO  o.e.m.c.i.embedder.EclipseLogger - Using 'UTF-8' encoding to copy filtered resources.
2025-05-18 23:26:18,037 [Worker-14] INFO  o.e.m.c.i.embedder.EclipseLogger - skip non existing resourceDirectory C:\Users\sugan\Workspace\Tech2\com.Tech2\src\test\resources
2025-05-18 23:26:36,206 [Worker-6] INFO  o.e.m.c.i.embedder.EclipseLogger - Using 'UTF-8' encoding to copy filtered resources.
2025-05-18 23:26:36,207 [Worker-6] INFO  o.e.m.c.i.embedder.EclipseLogger - Copying 1 resource
2025-05-18 23:26:36,207 [Worker-6] INFO  o.e.m.c.i.embedder.EclipseLogger - Using 'UTF-8' encoding to copy filtered resources.
2025-05-18 23:26:36,207 [Worker-6] INFO  o.e.m.c.i.embedder.EclipseLogger - skip non existing resourceDirectory C:\Users\sugan\Workspace\Tech2\com.Tech2\src\test\resources
2025-05-18 23:26:43,417 [Worker-18] INFO  o.e.m.c.i.embedder.EclipseLogger - Using 'UTF-8' encoding to copy filtered resources.
2025-05-18 23:26:43,418 [Worker-18] INFO  o.e.m.c.i.embedder.EclipseLogger - Copying 1 resource
2025-05-18 23:26:43,419 [Worker-18] INFO  o.e.m.c.i.embedder.EclipseLogger - Using 'UTF-8' encoding to copy filtered resources.
2025-05-18 23:26:43,419 [Worker-18] INFO  o.e.m.c.i.embedder.EclipseLogger - skip non existing resourceDirectory C:\Users\sugan\Workspace\Tech2\com.Tech2\src\test\resources
2025-05-18 23:26:50,367 [Worker-20] INFO  o.e.m.c.i.embedder.EclipseLogger - Using 'UTF-8' encoding to copy filtered resources.
2025-05-18 23:26:50,368 [Worker-20] INFO  o.e.m.c.i.embedder.EclipseLogger - Copying 1 resource
2025-05-18 23:26:50,369 [Worker-20] INFO  o.e.m.c.i.embedder.EclipseLogger - Using 'UTF-8' encoding to copy filtered resources.
2025-05-18 23:26:50,369 [Worker-20] INFO  o.e.m.c.i.embedder.EclipseLogger - skip non existing resourceDirectory C:\Users\sugan\Workspace\Tech2\com.Tech2\src\test\resources
2025-05-19 21:45:31,860 [Worker-0] INFO  c.g.t.t.d.PublishedGradleVersions - Gradle version information cache is up-to-date. Trying to read.
2025-05-20 00:18:00,149 [Worker-11] INFO  o.e.m.c.i.embedder.EclipseLogger - Using 'UTF-8' encoding to copy filtered resources.
2025-05-20 00:18:00,154 [Worker-11] INFO  o.e.m.c.i.embedder.EclipseLogger - Copying 1 resource
2025-05-20 00:18:00,159 [Worker-11] INFO  o.e.m.c.i.embedder.EclipseLogger - Using 'UTF-8' encoding to copy filtered resources.
2025-05-20 00:18:00,159 [Worker-11] INFO  o.e.m.c.i.embedder.EclipseLogger - skip non existing resourceDirectory C:\Users\sugan\Workspace\Tech2\com.Tech2\src\test\resources
2025-05-25 15:12:39,883 [Worker-12] INFO  c.g.t.t.d.PublishedGradleVersions - Gradle version information cache is up-to-date. Trying to read.
2025-05-25 15:12:42,487 [Worker-20] INFO  o.e.m.c.i.embedder.EclipseLogger - Using 'UTF-8' encoding to copy filtered resources.
2025-05-25 15:12:42,496 [Worker-20] INFO  o.e.m.c.i.embedder.EclipseLogger - Copying 1 resource
2025-05-25 15:12:42,506 [Worker-20] INFO  o.e.m.c.i.embedder.EclipseLogger - Using 'UTF-8' encoding to copy filtered resources.
2025-05-25 15:12:42,506 [Worker-20] INFO  o.e.m.c.i.embedder.EclipseLogger - skip non existing resourceDirectory C:\Users\sugan\Workspace\Tech2\com.Tech2\src\test\resources
2025-05-25 15:46:20,957 [Worker-88] INFO  o.e.m.c.i.embedder.EclipseLogger - Using 'UTF-8' encoding to copy filtered resources.
2025-05-25 15:46:20,962 [Worker-88] INFO  o.e.m.c.i.embedder.EclipseLogger - Copying 0 resource
2025-05-25 15:46:20,964 [Worker-88] INFO  o.e.m.c.i.embedder.EclipseLogger - Using 'UTF-8' encoding to copy filtered resources.
2025-05-25 15:46:20,964 [Worker-88] INFO  o.e.m.c.i.embedder.EclipseLogger - skip non existing resourceDirectory C:\Users\sugan\Workspace\Tech2\com.Tech2\src\test\resources
2025-05-25 15:47:00,549 [Worker-15] INFO  o.e.m.c.i.embedder.EclipseLogger - Using 'UTF-8' encoding to copy filtered resources.
2025-05-25 15:47:00,559 [Worker-15] INFO  o.e.m.c.i.embedder.EclipseLogger - Copying 1 resource
2025-05-25 15:47:00,563 [Worker-15] INFO  o.e.m.c.i.embedder.EclipseLogger - Using 'UTF-8' encoding to copy filtered resources.
2025-05-25 15:47:00,563 [Worker-15] INFO  o.e.m.c.i.embedder.EclipseLogger - skip non existing resourceDirectory C:\Users\sugan\Workspace\Tech2\com.Tech2\src\test\resources
2025-05-25 16:36:10,702 [Worker-124] INFO  o.e.m.c.i.e.AbstractTransferListenerAdapter - Downloading https://repo.maven.apache.org/maven2/org/springframework/data/spring-data-jpa/2.7.18/spring-data-jpa-2.7.18-sources.jar
2025-05-25 16:36:10,793 [Worker-124] INFO  o.e.m.c.i.e.AbstractTransferListenerAdapter - Downloaded https://repo.maven.apache.org/maven2/org/springframework/data/spring-data-jpa/2.7.18/spring-data-jpa-2.7.18-sources.jar
2025-05-25 16:36:11,506 [Worker-124] INFO  o.e.m.j.internal.DownloadSourcesJob - Downloaded sources for org.springframework.data:spring-data-jpa:2.7.18
2025-05-25 16:36:12,079 [Worker-124] INFO  o.e.m.c.i.embedder.EclipseLogger - Using 'UTF-8' encoding to copy filtered resources.
2025-05-25 16:36:12,080 [Worker-124] INFO  o.e.m.c.i.embedder.EclipseLogger - Copying 0 resource
2025-05-25 16:36:12,081 [Worker-124] INFO  o.e.m.c.i.embedder.EclipseLogger - Using 'UTF-8' encoding to copy filtered resources.
2025-05-25 16:36:12,081 [Worker-124] INFO  o.e.m.c.i.embedder.EclipseLogger - skip non existing resourceDirectory C:\Users\sugan\Workspace\Tech2\com.Tech2\src\test\resources
2025-06-06 00:04:47,839 [Worker-2] INFO  c.g.t.t.d.PublishedGradleVersions - Gradle version information cache is up-to-date. Trying to read.
2025-06-06 00:17:56,591 [Worker-57] INFO  o.e.m.c.i.embedder.EclipseLogger - Using 'UTF-8' encoding to copy filtered resources.
2025-06-06 00:17:56,601 [Worker-57] INFO  o.e.m.c.i.embedder.EclipseLogger - Copying 1 resource
2025-06-06 00:17:56,612 [Worker-57] INFO  o.e.m.c.i.embedder.EclipseLogger - Using 'UTF-8' encoding to copy filtered resources.
2025-06-06 00:17:56,612 [Worker-57] INFO  o.e.m.c.i.embedder.EclipseLogger - skip non existing resourceDirectory C:\Users\sugan\Workspace\Tech2\com.Tech2\src\test\resources
2025-06-06 08:31:07,742 [Worker-107] INFO  o.e.m.c.i.embedder.EclipseLogger - Using 'UTF-8' encoding to copy filtered resources.
2025-06-06 08:31:07,762 [Worker-107] INFO  o.e.m.c.i.embedder.EclipseLogger - Copying 1 resource
2025-06-06 08:31:07,765 [Worker-107] INFO  o.e.m.c.i.embedder.EclipseLogger - Using 'UTF-8' encoding to copy filtered resources.
2025-06-06 08:31:07,765 [Worker-107] INFO  o.e.m.c.i.embedder.EclipseLogger - skip non existing resourceDirectory C:\Users\sugan\Workspace\Tech2\com.Tech2\src\test\resources
2025-06-06 08:31:40,680 [Worker-111] INFO  o.e.m.c.i.embedder.EclipseLogger - Using 'UTF-8' encoding to copy filtered resources.
2025-06-06 08:31:40,681 [Worker-111] INFO  o.e.m.c.i.embedder.EclipseLogger - Copying 1 resource
2025-06-06 08:31:40,684 [Worker-111] INFO  o.e.m.c.i.embedder.EclipseLogger - Using 'UTF-8' encoding to copy filtered resources.
2025-06-06 08:31:40,684 [Worker-111] INFO  o.e.m.c.i.embedder.EclipseLogger - skip non existing resourceDirectory C:\Users\sugan\Workspace\Tech2\com.Tech2\src\test\resources
2025-06-06 08:33:39,562 [Worker-107] INFO  o.e.m.c.i.l.LifecycleMappingFactory - Using org.eclipse.m2e.jdt.JarLifecycleMapping lifecycle mapping for MavenProject: TechDemo:TechDemoProject:0.0.1-SNAPSHOT @ C:\Users\sugan\Workspace\Tech2\com.Tech2\pom.xml.
2025-06-06 08:33:39,932 [Worker-107] INFO  o.e.m.c.i.e.AbstractTransferListenerAdapter - Downloading https://repo.maven.apache.org/maven2/org/springframework/boot/spring-boot-starter-security/2.7.18/spring-boot-starter-security-2.7.18.pom
2025-06-06 08:33:39,961 [Worker-107] INFO  o.e.m.c.i.e.AbstractTransferListenerAdapter - Downloaded https://repo.maven.apache.org/maven2/org/springframework/boot/spring-boot-starter-security/2.7.18/spring-boot-starter-security-2.7.18.pom
2025-06-06 08:33:39,973 [Worker-107] INFO  o.e.m.c.i.e.AbstractTransferListenerAdapter - Downloading https://repo.maven.apache.org/maven2/org/springframework/security/spring-security-config/5.7.11/spring-security-config-5.7.11.pom
2025-06-06 08:33:40,059 [Worker-107] INFO  o.e.m.c.i.e.AbstractTransferListenerAdapter - Downloaded https://repo.maven.apache.org/maven2/org/springframework/security/spring-security-config/5.7.11/spring-security-config-5.7.11.pom
2025-06-06 08:33:40,070 [Worker-107] INFO  o.e.m.c.i.e.AbstractTransferListenerAdapter - Downloading https://repo.maven.apache.org/maven2/org/springframework/security/spring-security-core/5.7.11/spring-security-core-5.7.11.pom
2025-06-06 08:33:40,106 [Worker-107] INFO  o.e.m.c.i.e.AbstractTransferListenerAdapter - Downloaded https://repo.maven.apache.org/maven2/org/springframework/security/spring-security-core/5.7.11/spring-security-core-5.7.11.pom
2025-06-06 08:33:40,118 [Worker-107] INFO  o.e.m.c.i.e.AbstractTransferListenerAdapter - Downloading https://repo.maven.apache.org/maven2/org/springframework/security/spring-security-crypto/5.7.11/spring-security-crypto-5.7.11.pom
2025-06-06 08:33:40,149 [Worker-107] INFO  o.e.m.c.i.e.AbstractTransferListenerAdapter - Downloaded https://repo.maven.apache.org/maven2/org/springframework/security/spring-security-crypto/5.7.11/spring-security-crypto-5.7.11.pom
2025-06-06 08:33:40,160 [Worker-107] INFO  o.e.m.c.i.e.AbstractTransferListenerAdapter - Downloading https://repo.maven.apache.org/maven2/org/springframework/spring-aop/5.3.29/spring-aop-5.3.29.pom
2025-06-06 08:33:40,187 [Worker-107] INFO  o.e.m.c.i.e.AbstractTransferListenerAdapter - Downloaded https://repo.maven.apache.org/maven2/org/springframework/spring-aop/5.3.29/spring-aop-5.3.29.pom
2025-06-06 08:33:40,201 [Worker-107] INFO  o.e.m.c.i.e.AbstractTransferListenerAdapter - Downloading https://repo.maven.apache.org/maven2/org/springframework/spring-beans/5.3.29/spring-beans-5.3.29.pom
2025-06-06 08:33:40,228 [Worker-107] INFO  o.e.m.c.i.e.AbstractTransferListenerAdapter - Downloaded https://repo.maven.apache.org/maven2/org/springframework/spring-beans/5.3.29/spring-beans-5.3.29.pom
2025-06-06 08:33:40,238 [Worker-107] INFO  o.e.m.c.i.e.AbstractTransferListenerAdapter - Downloading https://repo.maven.apache.org/maven2/org/springframework/spring-core/5.3.29/spring-core-5.3.29.pom
2025-06-06 08:33:40,266 [Worker-107] INFO  o.e.m.c.i.e.AbstractTransferListenerAdapter - Downloaded https://repo.maven.apache.org/maven2/org/springframework/spring-core/5.3.29/spring-core-5.3.29.pom
2025-06-06 08:33:40,276 [Worker-107] INFO  o.e.m.c.i.e.AbstractTransferListenerAdapter - Downloading https://repo.maven.apache.org/maven2/org/springframework/spring-jcl/5.3.29/spring-jcl-5.3.29.pom
2025-06-06 08:33:40,309 [Worker-107] INFO  o.e.m.c.i.e.AbstractTransferListenerAdapter - Downloaded https://repo.maven.apache.org/maven2/org/springframework/spring-jcl/5.3.29/spring-jcl-5.3.29.pom
2025-06-06 08:33:40,319 [Worker-107] INFO  o.e.m.c.i.e.AbstractTransferListenerAdapter - Downloading https://repo.maven.apache.org/maven2/org/springframework/spring-context/5.3.29/spring-context-5.3.29.pom
2025-06-06 08:33:40,361 [Worker-107] INFO  o.e.m.c.i.e.AbstractTransferListenerAdapter - Downloaded https://repo.maven.apache.org/maven2/org/springframework/spring-context/5.3.29/spring-context-5.3.29.pom
2025-06-06 08:33:40,371 [Worker-107] INFO  o.e.m.c.i.e.AbstractTransferListenerAdapter - Downloading https://repo.maven.apache.org/maven2/org/springframework/spring-expression/5.3.29/spring-expression-5.3.29.pom
2025-06-06 08:33:40,416 [Worker-107] INFO  o.e.m.c.i.e.AbstractTransferListenerAdapter - Downloaded https://repo.maven.apache.org/maven2/org/springframework/spring-expression/5.3.29/spring-expression-5.3.29.pom
2025-06-06 08:33:40,432 [Worker-107] INFO  o.e.m.c.i.e.AbstractTransferListenerAdapter - Downloading https://repo.maven.apache.org/maven2/org/springframework/security/spring-security-web/5.7.11/spring-security-web-5.7.11.pom
2025-06-06 08:33:40,459 [Worker-107] INFO  o.e.m.c.i.e.AbstractTransferListenerAdapter - Downloaded https://repo.maven.apache.org/maven2/org/springframework/security/spring-security-web/5.7.11/spring-security-web-5.7.11.pom
2025-06-06 08:33:40,470 [Worker-107] INFO  o.e.m.c.i.e.AbstractTransferListenerAdapter - Downloading https://repo.maven.apache.org/maven2/org/springframework/spring-web/5.3.29/spring-web-5.3.29.pom
2025-06-06 08:33:40,497 [Worker-107] INFO  o.e.m.c.i.e.AbstractTransferListenerAdapter - Downloaded https://repo.maven.apache.org/maven2/org/springframework/spring-web/5.3.29/spring-web-5.3.29.pom
2025-06-06 08:33:40,720 [Worker-107] INFO  o.e.m.c.i.e.AbstractTransferListenerAdapter - Downloading https://repo.maven.apache.org/maven2/org/springframework/boot/spring-boot-starter-security/2.7.18/spring-boot-starter-security-2.7.18.jar
2025-06-06 08:33:40,769 [Worker-107] INFO  o.e.m.c.i.e.AbstractTransferListenerAdapter - Downloaded https://repo.maven.apache.org/maven2/org/springframework/boot/spring-boot-starter-security/2.7.18/spring-boot-starter-security-2.7.18.jar
2025-06-06 08:33:40,775 [Worker-107] INFO  o.e.m.c.i.e.AbstractTransferListenerAdapter - Downloading https://repo.maven.apache.org/maven2/org/springframework/security/spring-security-config/5.7.11/spring-security-config-5.7.11.jar
2025-06-06 08:33:40,948 [Worker-107] INFO  o.e.m.c.i.e.AbstractTransferListenerAdapter - Downloaded https://repo.maven.apache.org/maven2/org/springframework/security/spring-security-config/5.7.11/spring-security-config-5.7.11.jar
2025-06-06 08:33:40,954 [Worker-107] INFO  o.e.m.c.i.e.AbstractTransferListenerAdapter - Downloading https://repo.maven.apache.org/maven2/org/springframework/security/spring-security-core/5.7.11/spring-security-core-5.7.11.jar
2025-06-06 08:33:41,009 [Worker-107] INFO  o.e.m.c.i.e.AbstractTransferListenerAdapter - Downloaded https://repo.maven.apache.org/maven2/org/springframework/security/spring-security-core/5.7.11/spring-security-core-5.7.11.jar
2025-06-06 08:33:41,016 [Worker-107] INFO  o.e.m.c.i.e.AbstractTransferListenerAdapter - Downloading https://repo.maven.apache.org/maven2/org/springframework/security/spring-security-crypto/5.7.11/spring-security-crypto-5.7.11.jar
2025-06-06 08:33:41,048 [Worker-107] INFO  o.e.m.c.i.e.AbstractTransferListenerAdapter - Downloaded https://repo.maven.apache.org/maven2/org/springframework/security/spring-security-crypto/5.7.11/spring-security-crypto-5.7.11.jar
2025-06-06 08:33:41,054 [Worker-107] INFO  o.e.m.c.i.e.AbstractTransferListenerAdapter - Downloading https://repo.maven.apache.org/maven2/org/springframework/security/spring-security-web/5.7.11/spring-security-web-5.7.11.jar
2025-06-06 08:33:41,135 [Worker-107] INFO  o.e.m.c.i.e.AbstractTransferListenerAdapter - Downloaded https://repo.maven.apache.org/maven2/org/springframework/security/spring-security-web/5.7.11/spring-security-web-5.7.11.jar
2025-06-06 08:33:41,849 [Worker-107] INFO  o.e.m.c.i.embedder.EclipseLogger - Using 'UTF-8' encoding to copy filtered resources.
2025-06-06 08:33:41,850 [Worker-107] INFO  o.e.m.c.i.embedder.EclipseLogger - Copying 0 resource
2025-06-06 08:33:41,851 [Worker-107] INFO  o.e.m.c.i.embedder.EclipseLogger - Using 'UTF-8' encoding to copy filtered resources.
2025-06-06 08:33:41,851 [Worker-107] INFO  o.e.m.c.i.embedder.EclipseLogger - skip non existing resourceDirectory C:\Users\sugan\Workspace\Tech2\com.Tech2\src\test\resources
2025-06-06 08:33:43,728 [Worker-105] INFO  o.e.m.c.i.embedder.EclipseLogger - Using 'UTF-8' encoding to copy filtered resources.
2025-06-06 08:33:43,729 [Worker-105] INFO  o.e.m.c.i.embedder.EclipseLogger - Copying 1 resource
2025-06-06 08:33:43,734 [Worker-105] INFO  o.e.m.c.i.embedder.EclipseLogger - Using 'UTF-8' encoding to copy filtered resources.
2025-06-06 08:33:43,734 [Worker-105] INFO  o.e.m.c.i.embedder.EclipseLogger - skip non existing resourceDirectory C:\Users\sugan\Workspace\Tech2\com.Tech2\src\test\resources
2025-06-06 08:34:02,092 [Worker-112] INFO  o.e.m.c.i.embedder.EclipseLogger - Using 'UTF-8' encoding to copy filtered resources.
2025-06-06 08:34:02,093 [Worker-112] INFO  o.e.m.c.i.embedder.EclipseLogger - Copying 1 resource
2025-06-06 08:34:02,094 [Worker-112] INFO  o.e.m.c.i.embedder.EclipseLogger - Using 'UTF-8' encoding to copy filtered resources.
2025-06-06 08:34:02,094 [Worker-112] INFO  o.e.m.c.i.embedder.EclipseLogger - skip non existing resourceDirectory C:\Users\sugan\Workspace\Tech2\com.Tech2\src\test\resources
2025-06-06 08:37:54,074 [Worker-156] INFO  o.e.m.c.i.embedder.EclipseLogger - Using 'UTF-8' encoding to copy filtered resources.
2025-06-06 08:37:54,075 [Worker-156] INFO  o.e.m.c.i.embedder.EclipseLogger - Copying 1 resource
2025-06-06 08:37:54,076 [Worker-156] INFO  o.e.m.c.i.embedder.EclipseLogger - Using 'UTF-8' encoding to copy filtered resources.
2025-06-06 08:37:54,076 [Worker-156] INFO  o.e.m.c.i.embedder.EclipseLogger - skip non existing resourceDirectory C:\Users\sugan\Workspace\Tech2\com.Tech2\src\test\resources
2025-06-06 08:38:28,953 [Worker-212] INFO  o.e.m.c.i.embedder.EclipseLogger - Using 'UTF-8' encoding to copy filtered resources.
2025-06-06 08:38:28,954 [Worker-212] INFO  o.e.m.c.i.embedder.EclipseLogger - Copying 1 resource
2025-06-06 08:38:28,955 [Worker-212] INFO  o.e.m.c.i.embedder.EclipseLogger - Using 'UTF-8' encoding to copy filtered resources.
2025-06-06 08:38:28,955 [Worker-212] INFO  o.e.m.c.i.embedder.EclipseLogger - skip non existing resourceDirectory C:\Users\sugan\Workspace\Tech2\com.Tech2\src\test\resources
